Importer Log Report
Document: F:\Electrical\KiCad\Libraries\Footprints\Daxxn_LEDs.pretty
    Section : Analyze Document from - F:\Electrical\KiCad\Libraries\Footprints\Daxxn_LEDs.pretty
        Warning: Unknown child stroke of fp_rect.
        Warning: Unknown child stroke of fp_rect.
        Warning: Unknown child stroke of fp_rect.
        Warning: Unknown child stroke of fp_rect.
        Warning: Unknown child stroke of fp_rect.
        Warning: Unknown child stroke of fp_rect.
        Warning: Unknown child stroke of fp_rect.
        Warning: Pad name is empty, autogenerated name 'Un1' assigned to pad pad.
        Warning: Pad name is empty, autogenerated name 'Un1' assigned to pad pad.
        Warning: Unknown child stroke of fp_line.
        Warning: Unknown child stroke of fp_line.
        Warning: Unknown child stroke of fp_line.
        Warning: Unknown child stroke of fp_line.
        Warning: Unknown child stroke of fp_rect.
        Warning: Unknown child stroke of fp_rect.
        Warning: Pad name is empty, autogenerated name 'Un1' assigned to pad pad.
    EndSection
    Section : Import Document - F:\Electrical\KiCad\Libraries\Footprints\Imported ALW0425A-BGA-425-13x13mm\Daxxn_LEDs.PcbLib
        Section : Component REF** importing.
        EndSection
        Section : Component REF** importing.
        EndSection
        Section : Component REF** importing.
        EndSection
        Section : Component REF** importing.
        EndSection
        Section : Component REF** importing.
        EndSection
        Section : Component REF** importing.
        EndSection
        Section : Component REF** importing.
        EndSection
        Section : Component REF** importing.
        EndSection
        Section : Component REF** importing.
        EndSection
    EndSection
