Importer Log Report
Document: F:\Electrical\KiCad\Libraries\Footprints\Daxxn_Enclosures.pretty
    Section : Analyze Document from - F:\Electrical\KiCad\Libraries\Footprints\Daxxn_Enclosures.pretty
        Warning: Unknown child stroke of fp_line.
        Error: Cannot build line from node 'fp_line' because layer is undefined.
        Warning: Unknown child stroke of fp_line.
        Error: Cannot build line from node 'fp_line' because layer is undefined.
        Warning: Unknown child stroke of fp_line.
        Error: Cannot build line from node 'fp_line' because layer is undefined.
        Warning: Unknown child stroke of fp_line.
        Error: Cannot build line from node 'fp_line' because layer is undefined.
        Warning: Unknown child stroke of fp_line.
        Error: Cannot build line from node 'fp_line' because layer is undefined.
        Warning: Unknown child stroke of fp_line.
        Error: Cannot build line from node 'fp_line' because layer is undefined.
        Warning: Unknown child stroke of fp_line.
        Error: Cannot build line from node 'fp_line' because layer is undefined.
        Warning: Unknown child stroke of fp_line.
        Error: Cannot build line from node 'fp_line' because layer is undefined.
        Warning: Unknown child stroke of fp_line.
        Error: Cannot build line from node 'fp_line' because layer is undefined.
        Warning: Unknown child stroke of fp_line.
        Error: Cannot build line from node 'fp_line' because layer is undefined.
        Warning: Unknown child stroke of fp_line.
        Error: Cannot build line from node 'fp_line' because layer is undefined.
        Warning: Unknown child stroke of fp_line.
        Error: Cannot build line from node 'fp_line' because layer is undefined.
        Warning: Unknown child stroke of fp_line.
        Error: Cannot build line from node 'fp_line' because layer is undefined.
        Warning: Unknown child stroke of fp_line.
        Error: Cannot build line from node 'fp_line' because layer is undefined.
        Warning: Unknown child stroke of fp_line.
        Error: Cannot build line from node 'fp_line' because layer is undefined.
        Warning: Unknown child stroke of fp_line.
        Error: Cannot build line from node 'fp_line' because layer is undefined.
        Error: Cannot build line from node 'fp_arc' because layer is undefined.
        Error: Cannot build line from node 'fp_arc' because layer is undefined.
        Error: Cannot build line from node 'fp_arc' because layer is undefined.
        Error: Cannot build line from node 'fp_arc' because layer is undefined.
        Error: Cannot build line from node 'fp_arc' because layer is undefined.
        Error: Cannot build line from node 'fp_arc' because layer is undefined.
        Error: Cannot build line from node 'fp_arc' because layer is undefined.
        Error: Cannot build line from node 'fp_arc' because layer is undefined.
        Error: Cannot build line from node 'fp_arc' because layer is undefined.
        Error: Cannot build line from node 'fp_arc' because layer is undefined.
        Error: Cannot build line from node 'fp_arc' because layer is undefined.
        Error: Cannot build line from node 'fp_arc' because layer is undefined.
        Error: Cannot build circle from node 'fp_circle' because layer is undefined.
        Error: Cannot build circle from node 'fp_circle' because layer is undefined.
        Error: Cannot build circle from node 'fp_circle' because layer is undefined.
        Error: Cannot build circle from node 'fp_circle' because layer is undefined.
        Warning: Unknown layer F&B.Cu of layers.
        Warning: Pad name is empty, autogenerated name 'Un1' assigned to pad pad.
        Warning: Unknown layer F&B.Cu of layers.
        Warning: Pad name is empty, autogenerated name 'Un2' assigned to pad pad.
        Warning: Unknown layer F&B.Cu of layers.
        Warning: Pad name is empty, autogenerated name 'Un3' assigned to pad pad.
        Warning: Unknown layer F&B.Cu of layers.
        Warning: Pad name is empty, autogenerated name 'Un4' assigned to pad pad.
        Warning: Unknown child stroke of fp_rect.
        Warning: Unknown child stroke of fp_line.
        Error: Cannot build line from node 'fp_line' because layer is undefined.
        Warning: Unknown child stroke of fp_line.
        Error: Cannot build line from node 'fp_line' because layer is undefined.
        Warning: Unknown child stroke of fp_line.
        Error: Cannot build line from node 'fp_line' because layer is undefined.
        Warning: Unknown child stroke of fp_line.
        Error: Cannot build line from node 'fp_line' because layer is undefined.
        Warning: Unknown child stroke of fp_line.
        Error: Cannot build line from node 'fp_line' because layer is undefined.
        Warning: Unknown child stroke of fp_line.
        Error: Cannot build line from node 'fp_line' because layer is undefined.
        Warning: Unknown child stroke of fp_line.
        Error: Cannot build line from node 'fp_line' because layer is undefined.
        Warning: Unknown child stroke of fp_line.
        Error: Cannot build line from node 'fp_line' because layer is undefined.
        Warning: Unknown child stroke of fp_line.
        Error: Cannot build line from node 'fp_line' because layer is undefined.
        Warning: Unknown child stroke of fp_line.
        Error: Cannot build line from node 'fp_line' because layer is undefined.
        Warning: Unknown child stroke of fp_line.
        Error: Cannot build line from node 'fp_line' because layer is undefined.
        Warning: Unknown child stroke of fp_line.
        Error: Cannot build line from node 'fp_line' because layer is undefined.
        Error: Cannot build circle from node 'fp_circle' because layer is undefined.
        Error: Cannot build circle from node 'fp_circle' because layer is undefined.
        Error: Cannot build circle from node 'fp_circle' because layer is undefined.
        Error: Cannot build circle from node 'fp_circle' because layer is undefined.
        Error: Cannot build circle from node 'fp_circle' because layer is undefined.
        Error: Cannot build circle from node 'fp_circle' because layer is undefined.
        Error: Cannot build circle from node 'fp_circle' because layer is undefined.
        Error: Cannot build circle from node 'fp_circle' because layer is undefined.
        Error: Cannot build circle from node 'fp_circle' because layer is undefined.
        Error: Cannot build circle from node 'fp_circle' because layer is undefined.
        Error: Cannot build circle from node 'fp_circle' because layer is undefined.
        Error: Cannot build circle from node 'fp_circle' because layer is undefined.
        Error: Cannot build circle from node 'fp_circle' because layer is undefined.
        Error: Cannot build circle from node 'fp_circle' because layer is undefined.
        Error: Cannot build circle from node 'fp_circle' because layer is undefined.
        Error: Cannot build circle from node 'fp_circle' because layer is undefined.
        Warning: Unknown child stroke of fp_rect.
        Error: Cannot build rect from node 'fp_rect' because layer is undefined.
        Warning: Unknown child stroke of fp_line.
        Error: Cannot build line from node 'fp_line' because layer is undefined.
        Warning: Unknown child stroke of fp_line.
        Error: Cannot build line from node 'fp_line' because layer is undefined.
        Warning: Unknown child stroke of fp_line.
        Error: Cannot build line from node 'fp_line' because layer is undefined.
        Warning: Unknown child stroke of fp_line.
        Error: Cannot build line from node 'fp_line' because layer is undefined.
        Warning: Unknown child stroke of fp_line.
        Error: Cannot build line from node 'fp_line' because layer is undefined.
        Warning: Unknown child stroke of fp_line.
        Error: Cannot build line from node 'fp_line' because layer is undefined.
        Warning: Unknown child stroke of fp_line.
        Error: Cannot build line from node 'fp_line' because layer is undefined.
        Warning: Unknown child stroke of fp_line.
        Error: Cannot build line from node 'fp_line' because layer is undefined.
        Warning: Unknown child stroke of fp_line.
        Error: Cannot build line from node 'fp_line' because layer is undefined.
        Warning: Unknown child stroke of fp_line.
        Error: Cannot build line from node 'fp_line' because layer is undefined.
        Warning: Unknown child stroke of fp_line.
        Error: Cannot build line from node 'fp_line' because layer is undefined.
        Warning: Unknown child stroke of fp_line.
        Error: Cannot build line from node 'fp_line' because layer is undefined.
        Error: Cannot build line from node 'fp_arc' because layer is undefined.
        Error: Cannot build line from node 'fp_arc' because layer is undefined.
        Error: Cannot build line from node 'fp_arc' because layer is undefined.
        Error: Cannot build line from node 'fp_arc' because layer is undefined.
        Error: Cannot build line from node 'fp_arc' because layer is undefined.
        Error: Cannot build line from node 'fp_arc' because layer is undefined.
        Error: Cannot build line from node 'fp_arc' because layer is undefined.
        Error: Cannot build line from node 'fp_arc' because layer is undefined.
        Error: Cannot build line from node 'fp_arc' because layer is undefined.
        Error: Cannot build line from node 'fp_arc' because layer is undefined.
        Error: Cannot build line from node 'fp_arc' because layer is undefined.
        Error: Cannot build line from node 'fp_arc' because layer is undefined.
        Error: Cannot build circle from node 'fp_circle' because layer is undefined.
        Error: Cannot build circle from node 'fp_circle' because layer is undefined.
        Error: Cannot build circle from node 'fp_circle' because layer is undefined.
        Error: Cannot build circle from node 'fp_circle' because layer is undefined.
        Error: Cannot build circle from node 'fp_circle' because layer is undefined.
        Error: Cannot build circle from node 'fp_circle' because layer is undefined.
        Warning: Unknown child stroke of fp_line.
        Error: Cannot build line from node 'fp_line' because layer is undefined.
        Warning: Unknown child stroke of fp_line.
        Error: Cannot build line from node 'fp_line' because layer is undefined.
        Warning: Unknown child stroke of fp_line.
        Error: Cannot build line from node 'fp_line' because layer is undefined.
        Warning: Unknown child stroke of fp_line.
        Error: Cannot build line from node 'fp_line' because layer is undefined.
        Warning: Unknown child stroke of fp_line.
        Error: Cannot build line from node 'fp_line' because layer is undefined.
        Warning: Unknown child stroke of fp_line.
        Error: Cannot build line from node 'fp_line' because layer is undefined.
        Warning: Unknown child stroke of fp_line.
        Error: Cannot build line from node 'fp_line' because layer is undefined.
        Warning: Unknown child stroke of fp_line.
        Error: Cannot build line from node 'fp_line' because layer is undefined.
        Warning: Unknown child stroke of fp_line.
        Error: Cannot build line from node 'fp_line' because layer is undefined.
        Warning: Unknown child stroke of fp_line.
        Error: Cannot build line from node 'fp_line' because layer is undefined.
        Warning: Unknown child stroke of fp_line.
        Error: Cannot build line from node 'fp_line' because layer is undefined.
        Warning: Unknown child stroke of fp_line.
        Error: Cannot build line from node 'fp_line' because layer is undefined.
        Warning: Unknown child stroke of fp_line.
        Error: Cannot build line from node 'fp_line' because layer is undefined.
        Warning: Unknown child stroke of fp_line.
        Error: Cannot build line from node 'fp_line' because layer is undefined.
        Warning: Unknown child stroke of fp_line.
        Error: Cannot build line from node 'fp_line' because layer is undefined.
        Warning: Unknown child stroke of fp_line.
        Error: Cannot build line from node 'fp_line' because layer is undefined.
        Error: Cannot build line from node 'fp_arc' because layer is undefined.
        Error: Cannot build line from node 'fp_arc' because layer is undefined.
        Error: Cannot build line from node 'fp_arc' because layer is undefined.
        Error: Cannot build line from node 'fp_arc' because layer is undefined.
        Error: Cannot build line from node 'fp_arc' because layer is undefined.
        Error: Cannot build line from node 'fp_arc' because layer is undefined.
        Error: Cannot build line from node 'fp_arc' because layer is undefined.
        Error: Cannot build line from node 'fp_arc' because layer is undefined.
        Error: Cannot build line from node 'fp_arc' because layer is undefined.
        Error: Cannot build line from node 'fp_arc' because layer is undefined.
        Error: Cannot build line from node 'fp_arc' because layer is undefined.
        Error: Cannot build line from node 'fp_arc' because layer is undefined.
        Error: Cannot build circle from node 'fp_circle' because layer is undefined.
        Error: Cannot build circle from node 'fp_circle' because layer is undefined.
        Error: Cannot build circle from node 'fp_circle' because layer is undefined.
        Error: Cannot build circle from node 'fp_circle' because layer is undefined.
        Error: Cannot build circle from node 'fp_circle' because layer is undefined.
        Error: Cannot build circle from node 'fp_circle' because layer is undefined.
        Error: Cannot build circle from node 'fp_circle' because layer is undefined.
        Error: Cannot build circle from node 'fp_circle' because layer is undefined.
        Warning: Unknown child stroke of fp_rect.
        Warning: Unknown child stroke of fp_line.
        Error: Cannot build line from node 'fp_line' because layer is undefined.
        Warning: Unknown child stroke of fp_line.
        Error: Cannot build line from node 'fp_line' because layer is undefined.
        Warning: Unknown child stroke of fp_line.
        Error: Cannot build line from node 'fp_line' because layer is undefined.
        Warning: Unknown child stroke of fp_line.
        Error: Cannot build line from node 'fp_line' because layer is undefined.
        Warning: Unknown child stroke of fp_line.
        Error: Cannot build line from node 'fp_line' because layer is undefined.
        Warning: Unknown child stroke of fp_line.
        Error: Cannot build line from node 'fp_line' because layer is undefined.
        Warning: Unknown child stroke of fp_line.
        Error: Cannot build line from node 'fp_line' because layer is undefined.
        Warning: Unknown child stroke of fp_line.
        Error: Cannot build line from node 'fp_line' because layer is undefined.
        Warning: Unknown child stroke of fp_line.
        Error: Cannot build line from node 'fp_line' because layer is undefined.
        Warning: Unknown child stroke of fp_line.
        Error: Cannot build line from node 'fp_line' because layer is undefined.
        Warning: Unknown child stroke of fp_line.
        Error: Cannot build line from node 'fp_line' because layer is undefined.
        Warning: Unknown child stroke of fp_line.
        Error: Cannot build line from node 'fp_line' because layer is undefined.
        Error: Cannot build circle from node 'fp_circle' because layer is undefined.
        Error: Cannot build circle from node 'fp_circle' because layer is undefined.
        Error: Cannot build circle from node 'fp_circle' because layer is undefined.
        Error: Cannot build circle from node 'fp_circle' because layer is undefined.
        Error: Cannot build circle from node 'fp_circle' because layer is undefined.
        Error: Cannot build circle from node 'fp_circle' because layer is undefined.
        Error: Cannot build circle from node 'fp_circle' because layer is undefined.
        Error: Cannot build circle from node 'fp_circle' because layer is undefined.
        Error: Cannot build circle from node 'fp_circle' because layer is undefined.
        Error: Cannot build circle from node 'fp_circle' because layer is undefined.
        Error: Cannot build circle from node 'fp_circle' because layer is undefined.
        Error: Cannot build circle from node 'fp_circle' because layer is undefined.
        Error: Cannot build circle from node 'fp_circle' because layer is undefined.
        Error: Cannot build circle from node 'fp_circle' because layer is undefined.
        Error: Cannot build circle from node 'fp_circle' because layer is undefined.
        Error: Cannot build circle from node 'fp_circle' because layer is undefined.
        Error: Cannot build circle from node 'fp_circle' because layer is undefined.
        Error: Cannot build circle from node 'fp_circle' because layer is undefined.
        Error: Cannot build circle from node 'fp_circle' because layer is undefined.
        Error: Cannot build circle from node 'fp_circle' because layer is undefined.
        Error: Cannot build circle from node 'fp_circle' because layer is undefined.
        Error: Cannot build circle from node 'fp_circle' because layer is undefined.
        Error: Cannot build circle from node 'fp_circle' because layer is undefined.
        Error: Cannot build circle from node 'fp_circle' because layer is undefined.
        Warning: Unknown child stroke of fp_line.
        Error: Cannot build line from node 'fp_line' because layer is undefined.
        Error: Cannot build circle from node 'fp_circle' because layer is undefined.
        Error: Cannot build circle from node 'fp_circle' because layer is undefined.
        Error: Cannot build circle from node 'fp_circle' because layer is undefined.
        Error: Cannot build circle from node 'fp_circle' because layer is undefined.
        Warning: Unknown child stroke of fp_rect.
        Warning: Unknown child stroke of fp_line.
        Error: Cannot build line from node 'fp_line' because layer is undefined.
        Warning: Unknown child stroke of fp_line.
        Error: Cannot build line from node 'fp_line' because layer is undefined.
        Warning: Unknown child stroke of fp_line.
        Error: Cannot build line from node 'fp_line' because layer is undefined.
        Warning: Unknown child stroke of fp_line.
        Error: Cannot build line from node 'fp_line' because layer is undefined.
        Warning: Unknown child stroke of fp_line.
        Error: Cannot build line from node 'fp_line' because layer is undefined.
        Warning: Unknown child stroke of fp_line.
        Error: Cannot build line from node 'fp_line' because layer is undefined.
        Warning: Unknown child stroke of fp_line.
        Error: Cannot build line from node 'fp_line' because layer is undefined.
        Warning: Unknown child stroke of fp_line.
        Error: Cannot build line from node 'fp_line' because layer is undefined.
        Warning: Unknown child stroke of fp_line.
        Error: Cannot build line from node 'fp_line' because layer is undefined.
        Warning: Unknown child stroke of fp_line.
        Error: Cannot build line from node 'fp_line' because layer is undefined.
        Warning: Unknown child stroke of fp_line.
        Error: Cannot build line from node 'fp_line' because layer is undefined.
        Warning: Unknown child stroke of fp_line.
        Error: Cannot build line from node 'fp_line' because layer is undefined.
        Error: Cannot build circle from node 'fp_circle' because layer is undefined.
        Error: Cannot build circle from node 'fp_circle' because layer is undefined.
        Error: Cannot build circle from node 'fp_circle' because layer is undefined.
        Error: Cannot build circle from node 'fp_circle' because layer is undefined.
        Error: Cannot build circle from node 'fp_circle' because layer is undefined.
        Error: Cannot build circle from node 'fp_circle' because layer is undefined.
        Error: Cannot build circle from node 'fp_circle' because layer is undefined.
        Error: Cannot build circle from node 'fp_circle' because layer is undefined.
        Error: Cannot build circle from node 'fp_circle' because layer is undefined.
        Error: Cannot build circle from node 'fp_circle' because layer is undefined.
        Error: Cannot build circle from node 'fp_circle' because layer is undefined.
        Error: Cannot build circle from node 'fp_circle' because layer is undefined.
        Warning: Unknown layer F&B.Cu of layers.
        Warning: Pad name is empty, autogenerated name 'Un1' assigned to pad pad.
        Warning: Unknown layer F&B.Cu of layers.
        Warning: Pad name is empty, autogenerated name 'Un2' assigned to pad pad.
        Warning: Unknown layer F&B.Cu of layers.
        Warning: Pad name is empty, autogenerated name 'Un3' assigned to pad pad.
        Warning: Unknown layer F&B.Cu of layers.
        Warning: Pad name is empty, autogenerated name 'Un4' assigned to pad pad.
        Warning: Unknown child stroke of fp_rect.
        Error: Cannot build rect from node 'fp_rect' because layer is undefined.
        Warning: Unknown child stroke of fp_line.
        Error: Cannot build line from node 'fp_line' because layer is undefined.
        Warning: Unknown child stroke of fp_line.
        Error: Cannot build line from node 'fp_line' because layer is undefined.
        Warning: Unknown child stroke of fp_line.
        Error: Cannot build line from node 'fp_line' because layer is undefined.
        Warning: Unknown child stroke of fp_line.
        Error: Cannot build line from node 'fp_line' because layer is undefined.
        Warning: Unknown child stroke of fp_line.
        Error: Cannot build line from node 'fp_line' because layer is undefined.
        Warning: Unknown child stroke of fp_line.
        Error: Cannot build line from node 'fp_line' because layer is undefined.
        Warning: Unknown child stroke of fp_line.
        Error: Cannot build line from node 'fp_line' because layer is undefined.
        Warning: Unknown child stroke of fp_line.
        Error: Cannot build line from node 'fp_line' because layer is undefined.
        Warning: Unknown child stroke of fp_line.
        Error: Cannot build line from node 'fp_line' because layer is undefined.
        Warning: Unknown child stroke of fp_line.
        Error: Cannot build line from node 'fp_line' because layer is undefined.
        Warning: Unknown child stroke of fp_line.
        Error: Cannot build line from node 'fp_line' because layer is undefined.
        Warning: Unknown child stroke of fp_line.
        Error: Cannot build line from node 'fp_line' because layer is undefined.
        Error: Cannot build line from node 'fp_arc' because layer is undefined.
        Error: Cannot build line from node 'fp_arc' because layer is undefined.
        Error: Cannot build line from node 'fp_arc' because layer is undefined.
        Error: Cannot build line from node 'fp_arc' because layer is undefined.
        Error: Cannot build line from node 'fp_arc' because layer is undefined.
        Error: Cannot build line from node 'fp_arc' because layer is undefined.
        Error: Cannot build line from node 'fp_arc' because layer is undefined.
        Error: Cannot build line from node 'fp_arc' because layer is undefined.
        Error: Cannot build line from node 'fp_arc' because layer is undefined.
        Error: Cannot build line from node 'fp_arc' because layer is undefined.
        Error: Cannot build line from node 'fp_arc' because layer is undefined.
        Error: Cannot build line from node 'fp_arc' because layer is undefined.
        Error: Cannot build circle from node 'fp_circle' because layer is undefined.
        Error: Cannot build circle from node 'fp_circle' because layer is undefined.
        Error: Cannot build circle from node 'fp_circle' because layer is undefined.
        Error: Cannot build circle from node 'fp_circle' because layer is undefined.
        Warning: Unknown layer F&B.Cu of layers.
        Warning: Pad name is empty, autogenerated name 'Un1' assigned to pad pad.
        Warning: Unknown layer F&B.Cu of layers.
        Warning: Pad name is empty, autogenerated name 'Un2' assigned to pad pad.
        Warning: Unknown child stroke of fp_line.
        Error: Cannot build line from node 'fp_line' because layer is undefined.
        Warning: Unknown child stroke of fp_line.
        Error: Cannot build line from node 'fp_line' because layer is undefined.
        Warning: Unknown child stroke of fp_line.
        Error: Cannot build line from node 'fp_line' because layer is undefined.
        Warning: Unknown child stroke of fp_line.
        Error: Cannot build line from node 'fp_line' because layer is undefined.
        Warning: Unknown child stroke of fp_line.
        Error: Cannot build line from node 'fp_line' because layer is undefined.
        Warning: Unknown child stroke of fp_line.
        Error: Cannot build line from node 'fp_line' because layer is undefined.
        Warning: Unknown child stroke of fp_line.
        Error: Cannot build line from node 'fp_line' because layer is undefined.
        Warning: Unknown child stroke of fp_line.
        Error: Cannot build line from node 'fp_line' because layer is undefined.
        Warning: Unknown child stroke of fp_line.
        Error: Cannot build line from node 'fp_line' because layer is undefined.
        Warning: Unknown child stroke of fp_line.
        Error: Cannot build line from node 'fp_line' because layer is undefined.
        Warning: Unknown child stroke of fp_line.
        Error: Cannot build line from node 'fp_line' because layer is undefined.
        Warning: Unknown child stroke of fp_line.
        Error: Cannot build line from node 'fp_line' because layer is undefined.
        Warning: Unknown child stroke of fp_line.
        Error: Cannot build line from node 'fp_line' because layer is undefined.
        Warning: Unknown child stroke of fp_line.
        Error: Cannot build line from node 'fp_line' because layer is undefined.
        Warning: Unknown child stroke of fp_line.
        Error: Cannot build line from node 'fp_line' because layer is undefined.
        Warning: Unknown child stroke of fp_line.
        Error: Cannot build line from node 'fp_line' because layer is undefined.
        Error: Cannot build line from node 'fp_arc' because layer is undefined.
        Error: Cannot build line from node 'fp_arc' because layer is undefined.
        Error: Cannot build line from node 'fp_arc' because layer is undefined.
        Error: Cannot build line from node 'fp_arc' because layer is undefined.
        Error: Cannot build line from node 'fp_arc' because layer is undefined.
        Error: Cannot build line from node 'fp_arc' because layer is undefined.
        Error: Cannot build line from node 'fp_arc' because layer is undefined.
        Error: Cannot build line from node 'fp_arc' because layer is undefined.
        Error: Cannot build line from node 'fp_arc' because layer is undefined.
        Error: Cannot build line from node 'fp_arc' because layer is undefined.
        Error: Cannot build line from node 'fp_arc' because layer is undefined.
        Error: Cannot build line from node 'fp_arc' because layer is undefined.
        Error: Cannot build circle from node 'fp_circle' because layer is undefined.
        Error: Cannot build circle from node 'fp_circle' because layer is undefined.
        Error: Cannot build circle from node 'fp_circle' because layer is undefined.
        Error: Cannot build circle from node 'fp_circle' because layer is undefined.
        Warning: Unknown layer F&B.Cu of layers.
        Warning: Pad name is empty, autogenerated name 'Un1' assigned to pad pad.
        Warning: Unknown layer F&B.Cu of layers.
        Warning: Pad name is empty, autogenerated name 'Un2' assigned to pad pad.
        Warning: Unknown layer F&B.Cu of layers.
        Warning: Pad name is empty, autogenerated name 'Un3' assigned to pad pad.
        Warning: Unknown layer F&B.Cu of layers.
        Warning: Pad name is empty, autogenerated name 'Un4' assigned to pad pad.
        Warning: Unknown child stroke of fp_line.
        Error: Cannot build line from node 'fp_line' because layer is undefined.
        Warning: Unknown child stroke of fp_line.
        Error: Cannot build line from node 'fp_line' because layer is undefined.
        Warning: Unknown child stroke of fp_line.
        Error: Cannot build line from node 'fp_line' because layer is undefined.
        Warning: Unknown child stroke of fp_line.
        Error: Cannot build line from node 'fp_line' because layer is undefined.
        Warning: Unknown child stroke of fp_line.
        Error: Cannot build line from node 'fp_line' because layer is undefined.
        Warning: Unknown child stroke of fp_line.
        Error: Cannot build line from node 'fp_line' because layer is undefined.
        Warning: Unknown child stroke of fp_line.
        Error: Cannot build line from node 'fp_line' because layer is undefined.
        Warning: Unknown child stroke of fp_line.
        Error: Cannot build line from node 'fp_line' because layer is undefined.
        Warning: Unknown child stroke of fp_line.
        Error: Cannot build line from node 'fp_line' because layer is undefined.
        Warning: Unknown child stroke of fp_line.
        Error: Cannot build line from node 'fp_line' because layer is undefined.
        Warning: Unknown child stroke of fp_line.
        Error: Cannot build line from node 'fp_line' because layer is undefined.
        Warning: Unknown child stroke of fp_line.
        Error: Cannot build line from node 'fp_line' because layer is undefined.
        Warning: Unknown child stroke of fp_line.
        Error: Cannot build line from node 'fp_line' because layer is undefined.
        Warning: Unknown child stroke of fp_line.
        Error: Cannot build line from node 'fp_line' because layer is undefined.
        Warning: Unknown child stroke of fp_line.
        Error: Cannot build line from node 'fp_line' because layer is undefined.
        Warning: Unknown child stroke of fp_line.
        Error: Cannot build line from node 'fp_line' because layer is undefined.
        Error: Cannot build line from node 'fp_arc' because layer is undefined.
        Error: Cannot build line from node 'fp_arc' because layer is undefined.
        Error: Cannot build line from node 'fp_arc' because layer is undefined.
        Error: Cannot build line from node 'fp_arc' because layer is undefined.
        Error: Cannot build line from node 'fp_arc' because layer is undefined.
        Error: Cannot build line from node 'fp_arc' because layer is undefined.
        Error: Cannot build line from node 'fp_arc' because layer is undefined.
        Error: Cannot build line from node 'fp_arc' because layer is undefined.
        Error: Cannot build line from node 'fp_arc' because layer is undefined.
        Error: Cannot build line from node 'fp_arc' because layer is undefined.
        Error: Cannot build line from node 'fp_arc' because layer is undefined.
        Error: Cannot build line from node 'fp_arc' because layer is undefined.
        Error: Cannot build circle from node 'fp_circle' because layer is undefined.
        Error: Cannot build circle from node 'fp_circle' because layer is undefined.
        Error: Cannot build circle from node 'fp_circle' because layer is undefined.
        Error: Cannot build circle from node 'fp_circle' because layer is undefined.
        Error: Cannot build circle from node 'fp_circle' because layer is undefined.
        Error: Cannot build circle from node 'fp_circle' because layer is undefined.
        Error: Cannot build circle from node 'fp_circle' because layer is undefined.
        Error: Cannot build circle from node 'fp_circle' because layer is undefined.
        Warning: Unknown child stroke of fp_rect.
        Warning: Unknown child stroke of fp_line.
        Error: Cannot build line from node 'fp_line' because layer is undefined.
        Warning: Unknown child stroke of fp_line.
        Error: Cannot build line from node 'fp_line' because layer is undefined.
        Warning: Unknown child stroke of fp_line.
        Error: Cannot build line from node 'fp_line' because layer is undefined.
        Warning: Unknown child stroke of fp_line.
        Error: Cannot build line from node 'fp_line' because layer is undefined.
        Warning: Unknown child stroke of fp_line.
        Error: Cannot build line from node 'fp_line' because layer is undefined.
        Warning: Unknown child stroke of fp_line.
        Error: Cannot build line from node 'fp_line' because layer is undefined.
        Warning: Unknown child stroke of fp_line.
        Error: Cannot build line from node 'fp_line' because layer is undefined.
        Warning: Unknown child stroke of fp_line.
        Error: Cannot build line from node 'fp_line' because layer is undefined.
        Warning: Unknown child stroke of fp_line.
        Error: Cannot build line from node 'fp_line' because layer is undefined.
        Warning: Unknown child stroke of fp_line.
        Error: Cannot build line from node 'fp_line' because layer is undefined.
        Warning: Unknown child stroke of fp_line.
        Error: Cannot build line from node 'fp_line' because layer is undefined.
        Warning: Unknown child stroke of fp_line.
        Error: Cannot build line from node 'fp_line' because layer is undefined.
        Error: Cannot build line from node 'fp_arc' because layer is undefined.
        Error: Cannot build line from node 'fp_arc' because layer is undefined.
        Error: Cannot build line from node 'fp_arc' because layer is undefined.
        Error: Cannot build line from node 'fp_arc' because layer is undefined.
        Error: Cannot build line from node 'fp_arc' because layer is undefined.
        Error: Cannot build line from node 'fp_arc' because layer is undefined.
        Error: Cannot build line from node 'fp_arc' because layer is undefined.
        Error: Cannot build line from node 'fp_arc' because layer is undefined.
        Error: Cannot build line from node 'fp_arc' because layer is undefined.
        Error: Cannot build line from node 'fp_arc' because layer is undefined.
        Error: Cannot build line from node 'fp_arc' because layer is undefined.
        Error: Cannot build line from node 'fp_arc' because layer is undefined.
        Error: Cannot build circle from node 'fp_circle' because layer is undefined.
        Error: Cannot build circle from node 'fp_circle' because layer is undefined.
        Error: Cannot build circle from node 'fp_circle' because layer is undefined.
        Error: Cannot build circle from node 'fp_circle' because layer is undefined.
        Error: Cannot build circle from node 'fp_circle' because layer is undefined.
        Error: Cannot build circle from node 'fp_circle' because layer is undefined.
        Error: Cannot build circle from node 'fp_circle' because layer is undefined.
        Error: Cannot build circle from node 'fp_circle' because layer is undefined.
        Warning: Unknown layer F&B.Cu of layers.
        Warning: Pad name is empty, autogenerated name 'Un1' assigned to pad pad.
        Warning: Unknown layer F&B.Cu of layers.
        Warning: Pad name is empty, autogenerated name 'Un2' assigned to pad pad.
        Warning: Unknown layer F&B.Cu of layers.
        Warning: Pad name is empty, autogenerated name 'Un3' assigned to pad pad.
        Warning: Unknown layer F&B.Cu of layers.
        Warning: Pad name is empty, autogenerated name 'Un4' assigned to pad pad.
        Warning: Unknown layer F&B.Cu of layers.
        Warning: Pad name is empty, autogenerated name 'Un5' assigned to pad pad.
        Warning: Unknown layer F&B.Cu of layers.
        Warning: Pad name is empty, autogenerated name 'Un6' assigned to pad pad.
        Warning: Unknown child stroke of fp_rect.
        Warning: Unknown child stroke of fp_line.
        Error: Cannot build line from node 'fp_line' because layer is undefined.
        Warning: Unknown child stroke of fp_line.
        Error: Cannot build line from node 'fp_line' because layer is undefined.
        Warning: Unknown child stroke of fp_line.
        Error: Cannot build line from node 'fp_line' because layer is undefined.
        Warning: Unknown child stroke of fp_line.
        Error: Cannot build line from node 'fp_line' because layer is undefined.
        Warning: Unknown child stroke of fp_line.
        Error: Cannot build line from node 'fp_line' because layer is undefined.
        Warning: Unknown child stroke of fp_line.
        Error: Cannot build line from node 'fp_line' because layer is undefined.
        Warning: Unknown child stroke of fp_line.
        Error: Cannot build line from node 'fp_line' because layer is undefined.
        Warning: Unknown child stroke of fp_line.
        Error: Cannot build line from node 'fp_line' because layer is undefined.
        Warning: Unknown child stroke of fp_line.
        Error: Cannot build line from node 'fp_line' because layer is undefined.
        Warning: Unknown child stroke of fp_line.
        Error: Cannot build line from node 'fp_line' because layer is undefined.
        Warning: Unknown child stroke of fp_line.
        Error: Cannot build line from node 'fp_line' because layer is undefined.
        Warning: Unknown child stroke of fp_line.
        Error: Cannot build line from node 'fp_line' because layer is undefined.
        Error: Cannot build line from node 'fp_arc' because layer is undefined.
        Error: Cannot build line from node 'fp_arc' because layer is undefined.
        Error: Cannot build line from node 'fp_arc' because layer is undefined.
        Error: Cannot build line from node 'fp_arc' because layer is undefined.
        Error: Cannot build line from node 'fp_arc' because layer is undefined.
        Error: Cannot build line from node 'fp_arc' because layer is undefined.
        Error: Cannot build line from node 'fp_arc' because layer is undefined.
        Error: Cannot build line from node 'fp_arc' because layer is undefined.
        Error: Cannot build line from node 'fp_arc' because layer is undefined.
        Error: Cannot build line from node 'fp_arc' because layer is undefined.
        Error: Cannot build line from node 'fp_arc' because layer is undefined.
        Error: Cannot build line from node 'fp_arc' because layer is undefined.
        Error: Cannot build circle from node 'fp_circle' because layer is undefined.
        Error: Cannot build circle from node 'fp_circle' because layer is undefined.
        Error: Cannot build circle from node 'fp_circle' because layer is undefined.
        Error: Cannot build circle from node 'fp_circle' because layer is undefined.
        Error: Cannot build circle from node 'fp_circle' because layer is undefined.
        Error: Cannot build circle from node 'fp_circle' because layer is undefined.
        Error: Cannot build circle from node 'fp_circle' because layer is undefined.
        Error: Cannot build circle from node 'fp_circle' because layer is undefined.
        Error: Cannot build circle from node 'fp_circle' because layer is undefined.
        Error: Cannot build circle from node 'fp_circle' because layer is undefined.
        Error: Cannot build circle from node 'fp_circle' because layer is undefined.
        Error: Cannot build circle from node 'fp_circle' because layer is undefined.
        Error: Cannot build circle from node 'fp_circle' because layer is undefined.
        Error: Cannot build circle from node 'fp_circle' because layer is undefined.
        Warning: Unknown child stroke of fp_rect.
        Warning: Unknown child stroke of fp_line.
        Error: Cannot build line from node 'fp_line' because layer is undefined.
        Warning: Unknown child stroke of fp_line.
        Error: Cannot build line from node 'fp_line' because layer is undefined.
    EndSection
    Section : Import Document - F:\Electrical\KiCad\Libraries\Footprints\Imported ALW0425A-BGA-425-13x13mm\Daxxn_Enclosures.PcbLib
        Section : Component REF** importing.
        EndSection
        Section : Component REF** importing.
        EndSection
        Section : Component REF** importing.
        EndSection
        Section : Component REF** importing.
        EndSection
        Section : Component REF** importing.
        EndSection
        Section : Component REF** importing.
        EndSection
        Section : Component REF** importing.
        EndSection
        Section : Component REF** importing.
        EndSection
        Section : Component REF** importing.
        EndSection
        Section : Component REF** importing.
        EndSection
        Section : Component REF** importing.
        EndSection
        Section : Component REF** importing.
        EndSection
    EndSection
