Importer Log Report
Document: F:\Electrical\KiCad\Libraries\Footprints\Daxxn_Other.pretty
    Section : Analyze Document from - F:\Electrical\KiCad\Libraries\Footprints\Daxxn_Other.pretty
        Warning: Unknown child stroke of fp_line.
        Warning: Unknown child stroke of fp_line.
        Warning: Unknown child stroke of fp_line.
        Warning: Unknown child stroke of fp_line.
        Warning: Unknown child stroke of fp_line.
        Warning: Unknown child stroke of fp_line.
        Warning: Unknown child stroke of fp_line.
        Warning: Unknown child stroke of fp_line.
        Warning: Unknown child stroke of fp_line.
        Warning: Unknown child stroke of fp_line.
        Warning: Unknown child stroke of fp_line.
        Warning: Unknown child stroke of fp_line.
        Warning: Unknown child stroke of fp_line.
        Warning: Pad name is empty, autogenerated name 'Un1' assigned to pad pad.
        Warning: Unknown child stroke of fp_line.
        Warning: Unknown child stroke of fp_line.
        Warning: Unknown child stroke of fp_line.
        Warning: Unknown child stroke of fp_line.
        Warning: Unknown child stroke of fp_line.
        Warning: Unknown child stroke of fp_line.
        Warning: Unknown child stroke of fp_line.
        Warning: Unknown child stroke of fp_line.
        Warning: Unknown child stroke of fp_line.
        Warning: Unknown child stroke of fp_line.
        Warning: Unknown child stroke of fp_line.
        Warning: Unknown child stroke of fp_line.
        Warning: Unknown child stroke of fp_line.
        Warning: Pad name is empty, autogenerated name 'Un1' assigned to pad pad.
        Warning: Pad name is empty, autogenerated name 'Un2' assigned to pad pad.
        Warning: Unknown child net_tie_pad_groups of footprint.
        Warning: Unknown child thermal_bridge_angle of pad.
        Warning: Unknown child thermal_bridge_angle of pad.
        Warning: Unknown child net_tie_pad_groups of footprint.
        Warning: Unknown child thermal_bridge_angle of pad.
        Warning: Unknown child thermal_bridge_angle of pad.
        Warning: Unknown child net_tie_pad_groups of footprint.
        Warning: Unknown child stroke of fp_poly.
        Warning: Unknown child net_tie_pad_groups of footprint.
        Warning: Unknown child stroke of fp_rect.
        Warning: Unknown child thermal_bridge_angle of pad.
        Warning: Unknown child thermal_bridge_angle of pad.
        Warning: Unknown child stroke of fp_line.
        Warning: Unknown child stroke of fp_line.
        Warning: Unknown child stroke of fp_line.
        Warning: Unknown child stroke of fp_line.
        Warning: Unknown child stroke of fp_line.
        Warning: Unknown child stroke of fp_line.
        Warning: Unknown child stroke of fp_line.
        Warning: Unknown child stroke of fp_line.
        Warning: Unknown child stroke of fp_line.
        Warning: Unknown child stroke of fp_line.
        Warning: Unknown child stroke of fp_line.
        Warning: Unknown child stroke of fp_line.
        Warning: Unknown child stroke of fp_line.
        Warning: Unknown child stroke of fp_line.
        Warning: Unknown child stroke of fp_line.
        Warning: Unknown child stroke of fp_line.
        Warning: Pad name is empty, autogenerated name 'Un1' assigned to pad pad.
        Warning: Pad name is empty, autogenerated name 'Un2' assigned to pad pad.
        Warning: Pad name is empty, autogenerated name 'Un3' assigned to pad pad.
        Warning: Pad name is empty, autogenerated name 'Un4' assigned to pad pad.
    EndSection
    Section : Import Document - F:\Electrical\KiCad\Libraries\Footprints\Imported ALW0425A-BGA-425-13x13mm\Daxxn_Other.PcbLib
        Section : Component REF** importing.
        EndSection
        Section : Component REF** importing.
        EndSection
        Section : Component REF** importing.
        EndSection
        Section : Component REF** importing.
            Warning: Custom pad '1' shape 'anchor circle' translated to 'eRounded'
            Warning: Custom pad '2' shape 'anchor circle' translated to 'eRounded'
        EndSection
        Section : Component REF** importing.
            Warning: Custom pad '1' shape 'anchor circle' translated to 'eRounded'
            Warning: Custom pad '2' shape 'anchor circle' translated to 'eRounded'
        EndSection
        Section : Component REF** importing.
        EndSection
        Section : Component REF** importing.
            Warning: Custom pad '1' shape 'anchor circle' translated to 'eRounded'
            Warning: Custom pad '2' shape 'anchor circle' translated to 'eRounded'
        EndSection
        Section : Component REF** importing.
        EndSection
    EndSection
