Importer Log Report
Document: F:\Electrical\KiCad\Libraries\Footprints\Daxxn_Thermal.pretty
    Section : Analyze Document from - F:\Electrical\KiCad\Libraries\Footprints\Daxxn_Thermal.pretty
        Warning: Unknown child stroke of fp_line.
        Warning: Unknown child stroke of fp_line.
        Warning: Unknown child stroke of fp_line.
        Warning: Unknown child stroke of fp_line.
        Warning: Unknown child stroke of fp_rect.
        Warning: Unknown child stroke of fp_line.
        Warning: Unknown child stroke of fp_line.
        Warning: Unknown child stroke of fp_line.
        Warning: Unknown child stroke of fp_line.
        Warning: Unknown child stroke of fp_line.
        Warning: Unknown child stroke of fp_line.
        Warning: Unknown child stroke of fp_arc.
        Warning: Unknown child stroke of fp_arc.
        Warning: Unknown child stroke of fp_line.
        Warning: Unknown child stroke of fp_line.
        Warning: Unknown child stroke of fp_line.
        Warning: Unknown child stroke of fp_line.
        Warning: Unknown child stroke of fp_rect.
        Warning: Unknown child stroke of fp_arc.
        Warning: Unknown child stroke of fp_arc.
        Warning: Unknown layer F&B.Cu of layers.
        Warning: Pad name is empty, autogenerated name 'Un1' assigned to pad pad.
        Warning: Unknown layer F&B.Cu of layers.
        Warning: Pad name is empty, autogenerated name 'Un2' assigned to pad pad.
        Warning: Unknown child stroke of fp_rect.
        Warning: Unknown child stroke of fp_circle.
        Warning: Unknown child stroke of fp_rect.
        Error: Cannot build rect from node 'fp_rect' because layer is undefined.
        Warning: Unknown child stroke of fp_rect.
        Error: Cannot build rect from node 'fp_rect' because layer is undefined.
        Error: Cannot build circle from node 'fp_circle' because layer is undefined.
        Error: Cannot build circle from node 'fp_circle' because layer is undefined.
    EndSection
    Section : Import Document - F:\Electrical\KiCad\Libraries\Footprints\Imported ALW0425A-BGA-425-13x13mm\Daxxn_Thermal.PcbLib
        Section : Component REF** importing.
        EndSection
        Section : Component REF** importing.
        EndSection
    EndSection
